app/build/intermediates/manifest_merge_blame_file/debug/manifest-merger-blame-debug-report.txt
1<?xml version="1.0" encoding="utf-8"?>
2<manifest xmlns:android="http://schemas.android.com/apk/res/android"
3    package="com.aaryo.selfattendance"
4    android:versionCode="1"
5    android:versionName="1.0" >
6
7    <uses-sdk
8        android:minSdkVersion="24"
9        android:targetSdkVersion="35" />
10
11    <!-- Internet -->
12    <uses-permission android:name="android.permission.INTERNET" />
12-->src/main/AndroidManifest.xml:5:5-66
12-->src/main/AndroidManifest.xml:5:22-64
13
14    <!-- Network -->
15    <uses-permission android:name="android.permission.ACCESS_NETWORK_STATE" />
15-->src/main/AndroidManifest.xml:8:5-78
15-->src/main/AndroidManifest.xml:8:22-76
16
17    <!-- AdMob Advertising ID -->
18    <uses-permission android:name="com.google.android.gms.permission.AD_ID" />
18-->src/main/AndroidManifest.xml:11:5-78
18-->src/main/AndroidManifest.xml:11:22-76
19
20    <!-- Biometric -->
21    <uses-permission android:name="android.permission.USE_BIOMETRIC" />
21-->src/main/AndroidManifest.xml:14:5-71
21-->src/main/AndroidManifest.xml:14:22-69
22
23    <!-- Android 13+ Notification -->
24    <uses-permission android:name="android.permission.POST_NOTIFICATIONS" />
24-->src/main/AndroidManifest.xml:17:5-76
24-->src/main/AndroidManifest.xml:17:22-74
25
26    <!-- Restart reminder after reboot -->
27    <uses-permission android:name="android.permission.RECEIVE_BOOT_COMPLETED" />
27-->src/main/AndroidManifest.xml:20:5-80
27-->src/main/AndroidManifest.xml:20:22-78
28
29    <!-- External storage for PDF/CSV export (Android 9 and below only) -->
30    <uses-permission
30-->src/main/AndroidManifest.xml:23:5-25:37
31        android:name="android.permission.WRITE_EXTERNAL_STORAGE"
31-->src/main/AndroidManifest.xml:24:9-65
32        android:maxSdkVersion="28" />
32-->src/main/AndroidManifest.xml:25:9-35
33    <uses-permission
33-->src/main/AndroidManifest.xml:26:5-28:37
34        android:name="android.permission.READ_EXTERNAL_STORAGE"
34-->src/main/AndroidManifest.xml:27:9-64
35        android:maxSdkVersion="28" />
35-->src/main/AndroidManifest.xml:28:9-35
36
37    <!-- Package visibility for share/intent -->
38    <queries>
38-->src/main/AndroidManifest.xml:31:5-40:15
39        <intent>
39-->src/main/AndroidManifest.xml:32:9-34:18
40            <action android:name="android.intent.action.VIEW" />
40-->src/main/AndroidManifest.xml:33:13-64
40-->src/main/AndroidManifest.xml:33:21-62
41        </intent>
42        <intent>
42-->src/main/AndroidManifest.xml:35:9-38:18
43            <action android:name="android.intent.action.SEND" />
43-->src/main/AndroidManifest.xml:36:13-64
43-->src/main/AndroidManifest.xml:36:21-62
44
45            <data android:mimeType="text/plain" />
45-->src/main/AndroidManifest.xml:37:13-50
45-->src/main/AndroidManifest.xml:37:19-48
46        </intent>
47
48        <package android:name="com.google.android.gms" />
48-->src/main/AndroidManifest.xml:39:9-57
48-->src/main/AndroidManifest.xml:39:18-55
49        <!-- For browser content -->
50        <intent>
50-->[com.google.android.gms:play-services-ads-lite:23.4.0] AndroidManifest.xml:38:9-44:18
51            <action android:name="android.intent.action.VIEW" />
51-->src/main/AndroidManifest.xml:33:13-64
51-->src/main/AndroidManifest.xml:33:21-62
52
53            <category android:name="android.intent.category.BROWSABLE" />
53-->[com.google.firebase:firebase-auth:23.1.0] AndroidManifest.xml:39:17-78
53-->[com.google.firebase:firebase-auth:23.1.0] AndroidManifest.xml:39:27-75
54
55            <data android:scheme="https" />
55-->src/main/AndroidManifest.xml:37:13-50
56        </intent> <!-- End of browser content -->
57        <!-- For CustomTabsService -->
58        <intent>
58-->[com.google.android.gms:play-services-ads-lite:23.4.0] AndroidManifest.xml:47:9-49:18
59            <action android:name="android.support.customtabs.action.CustomTabsService" />
59-->[com.google.android.gms:play-services-ads-lite:23.4.0] AndroidManifest.xml:48:13-90
59-->[com.google.android.gms:play-services-ads-lite:23.4.0] AndroidManifest.xml:48:21-87
60        </intent> <!-- End of CustomTabsService -->
61        <!-- For MRAID capabilities -->
62        <intent>
62-->[com.google.android.gms:play-services-ads-lite:23.4.0] AndroidManifest.xml:52:9-56:18
63            <action android:name="android.intent.action.INSERT" />
63-->[com.google.android.gms:play-services-ads-lite:23.4.0] AndroidManifest.xml:53:13-67
63-->[com.google.android.gms:play-services-ads-lite:23.4.0] AndroidManifest.xml:53:21-64
64
65            <data android:mimeType="vnd.android.cursor.dir/event" />
65-->src/main/AndroidManifest.xml:37:13-50
65-->src/main/AndroidManifest.xml:37:19-48
66        </intent>
67        <intent>
67-->[com.google.android.gms:play-services-ads-lite:23.4.0] AndroidManifest.xml:57:9-61:18
68            <action android:name="android.intent.action.VIEW" />
68-->src/main/AndroidManifest.xml:33:13-64
68-->src/main/AndroidManifest.xml:33:21-62
69
70            <data android:scheme="sms" />
70-->src/main/AndroidManifest.xml:37:13-50
71        </intent>
72        <intent>
72-->[com.google.android.gms:play-services-ads-lite:23.4.0] AndroidManifest.xml:62:9-66:18
73            <action android:name="android.intent.action.DIAL" />
73-->[com.google.android.gms:play-services-ads-lite:23.4.0] AndroidManifest.xml:63:13-65
73-->[com.google.android.gms:play-services-ads-lite:23.4.0] AndroidManifest.xml:63:21-62
74
75            <data android:path="tel:" />
75-->src/main/AndroidManifest.xml:37:13-50
76        </intent>
77    </queries>
78
79    <!-- suppress DeprecatedClassUsageInspection -->
80    <uses-permission android:name="android.permission.USE_FINGERPRINT" />
80-->[androidx.biometric:biometric:1.1.0] AndroidManifest.xml:27:5-74
80-->[androidx.biometric:biometric:1.1.0] AndroidManifest.xml:27:22-71
81    <uses-permission android:name="android.permission.ACCESS_ADSERVICES_AD_ID" />
81-->[com.google.android.gms:play-services-ads-lite:23.4.0] AndroidManifest.xml:27:5-82
81-->[com.google.android.gms:play-services-ads-lite:23.4.0] AndroidManifest.xml:27:22-79
82    <uses-permission android:name="android.permission.ACCESS_ADSERVICES_ATTRIBUTION" />
82-->[com.google.android.gms:play-services-ads-lite:23.4.0] AndroidManifest.xml:28:5-88
82-->[com.google.android.gms:play-services-ads-lite:23.4.0] AndroidManifest.xml:28:22-85
83    <uses-permission android:name="android.permission.ACCESS_ADSERVICES_TOPICS" />
83-->[com.google.android.gms:play-services-ads-lite:23.4.0] AndroidManifest.xml:29:5-83
83-->[com.google.android.gms:play-services-ads-lite:23.4.0] AndroidManifest.xml:29:22-80
84    <uses-permission android:name="android.permission.WAKE_LOCK" />
84-->[com.google.android.gms:play-services-measurement-api:22.1.2] AndroidManifest.xml:24:5-68
84-->[com.google.android.gms:play-services-measurement-api:22.1.2] AndroidManifest.xml:24:22-65
85    <uses-permission android:name="com.google.android.finsky.permission.BIND_GET_INSTALL_REFERRER_SERVICE" />
85-->[com.google.android.gms:play-services-measurement:22.1.2] AndroidManifest.xml:26:5-110
85-->[com.google.android.gms:play-services-measurement:22.1.2] AndroidManifest.xml:26:22-107
86    <uses-permission android:name="android.permission.FOREGROUND_SERVICE" />
86-->[androidx.work:work-runtime:2.9.1] AndroidManifest.xml:26:5-77
86-->[androidx.work:work-runtime:2.9.1] AndroidManifest.xml:26:22-74
87    <uses-permission android:name="com.google.android.providers.gsf.permission.READ_GSERVICES" />
87-->[com.google.android.recaptcha:recaptcha:18.5.1] AndroidManifest.xml:9:5-98
87-->[com.google.android.recaptcha:recaptcha:18.5.1] AndroidManifest.xml:9:22-95
88
89    <permission
89-->[androidx.core:core:1.13.1] AndroidManifest.xml:22:5-24:47
90        android:name="com.aaryo.selfattendance.DYNAMIC_RECEIVER_NOT_EXPORTED_PERMISSION"
90-->[androidx.core:core:1.13.1] AndroidManifest.xml:23:9-81
91        android:protectionLevel="signature" />
91-->[androidx.core:core:1.13.1] AndroidManifest.xml:24:9-44
92
93    <uses-permission android:name="com.aaryo.selfattendance.DYNAMIC_RECEIVER_NOT_EXPORTED_PERMISSION" />
93-->[androidx.core:core:1.13.1] AndroidManifest.xml:26:5-97
93-->[androidx.core:core:1.13.1] AndroidManifest.xml:26:22-94
94
95    <application
95-->src/main/AndroidManifest.xml:42:5-103:19
96        android:name="com.aaryo.selfattendance.SelfAttendanceApp"
96-->src/main/AndroidManifest.xml:43:9-42
97        android:allowBackup="false"
97-->src/main/AndroidManifest.xml:48:9-36
98        android:appComponentFactory="androidx.core.app.CoreComponentFactory"
98-->[androidx.core:core:1.13.1] AndroidManifest.xml:28:18-86
99        android:debuggable="true"
100        android:extractNativeLibs="true"
101        android:fullBackupContent="false"
101-->src/main/AndroidManifest.xml:49:9-42
102        android:icon="@mipmap/ic_launcher"
102-->src/main/AndroidManifest.xml:44:9-43
103        android:label="@string/app_name"
103-->src/main/AndroidManifest.xml:46:9-41
104        android:networkSecurityConfig="@xml/network_security_config"
104-->src/main/AndroidManifest.xml:52:9-69
105        android:roundIcon="@mipmap/ic_launcher_round"
105-->src/main/AndroidManifest.xml:45:9-54
106        android:supportsRtl="true"
106-->src/main/AndroidManifest.xml:50:9-35
107        android:theme="@style/Theme.SelfAttendance"
107-->src/main/AndroidManifest.xml:47:9-52
108        android:usesCleartextTraffic="false" >
108-->src/main/AndroidManifest.xml:51:9-45
109
110        <!-- AdMob App ID -->
111        <meta-data
111-->src/main/AndroidManifest.xml:55:9-57:69
112            android:name="com.google.android.gms.ads.APPLICATION_ID"
112-->src/main/AndroidManifest.xml:56:13-69
113            android:value="ca-app-pub-5703232582358249~3516164327" />
113-->src/main/AndroidManifest.xml:57:13-67
114
115        <!-- AdMob Delay App Measurement (GDPR compliance) -->
116        <meta-data
116-->src/main/AndroidManifest.xml:60:9-62:35
117            android:name="com.google.android.gms.ads.DELAY_APP_MEASUREMENT_INIT"
117-->src/main/AndroidManifest.xml:61:13-81
118            android:value="true" />
118-->src/main/AndroidManifest.xml:62:13-33
119
120        <!-- Google Play Services -->
121        <meta-data
121-->src/main/AndroidManifest.xml:65:9-67:68
122            android:name="com.google.android.gms.version"
122-->src/main/AndroidManifest.xml:66:13-58
123            android:value="@integer/google_play_services_version" />
123-->src/main/AndroidManifest.xml:67:13-66
124
125        <!-- Main Activity -->
126        <activity
126-->src/main/AndroidManifest.xml:70:9-79:20
127            android:name="com.aaryo.selfattendance.MainActivity"
127-->src/main/AndroidManifest.xml:71:13-41
128            android:exported="true"
128-->src/main/AndroidManifest.xml:72:13-36
129            android:theme="@style/Theme.SelfAttendance.Splash"
129-->src/main/AndroidManifest.xml:73:13-63
130            android:windowSoftInputMode="adjustResize" >
130-->src/main/AndroidManifest.xml:74:13-55
131            <intent-filter>
131-->src/main/AndroidManifest.xml:75:13-78:29
132                <action android:name="android.intent.action.MAIN" />
132-->src/main/AndroidManifest.xml:76:17-68
132-->src/main/AndroidManifest.xml:76:25-66
133
134                <category android:name="android.intent.category.LAUNCHER" />
134-->src/main/AndroidManifest.xml:77:17-76
134-->src/main/AndroidManifest.xml:77:27-74
135            </intent-filter>
136        </activity>
137
138        <!-- Boot Receiver — reminder restart after reboot -->
139        <receiver
139-->src/main/AndroidManifest.xml:82:9-90:20
140            android:name="com.aaryo.selfattendance.notifications.BootReceiver"
140-->src/main/AndroidManifest.xml:83:13-55
141            android:enabled="true"
141-->src/main/AndroidManifest.xml:84:13-35
142            android:exported="false" >
142-->src/main/AndroidManifest.xml:85:13-37
143            <intent-filter>
143-->src/main/AndroidManifest.xml:86:13-89:29
144                <action android:name="android.intent.action.BOOT_COMPLETED" />
144-->src/main/AndroidManifest.xml:87:17-78
144-->src/main/AndroidManifest.xml:87:25-76
145                <action android:name="android.intent.action.QUICKBOOT_POWERON" />
145-->src/main/AndroidManifest.xml:88:17-81
145-->src/main/AndroidManifest.xml:88:25-79
146            </intent-filter>
147        </receiver>
148
149        <!-- FileProvider for PDF/CSV sharing -->
150        <provider
151            android:name="androidx.core.content.FileProvider"
151-->src/main/AndroidManifest.xml:94:13-62
152            android:authorities="com.aaryo.selfattendance.provider"
152-->src/main/AndroidManifest.xml:95:13-60
153            android:exported="false"
153-->src/main/AndroidManifest.xml:96:13-37
154            android:grantUriPermissions="true" >
154-->src/main/AndroidManifest.xml:97:13-47
155            <meta-data
155-->src/main/AndroidManifest.xml:98:13-100:62
156                android:name="android.support.FILE_PROVIDER_PATHS"
156-->src/main/AndroidManifest.xml:99:17-67
157                android:resource="@xml/file_provider_paths" />
157-->src/main/AndroidManifest.xml:100:17-60
158        </provider>
159
160        <service
160-->[com.google.firebase:firebase-auth-ktx:23.1.0] AndroidManifest.xml:8:9-14:19
161            android:name="com.google.firebase.components.ComponentDiscoveryService"
161-->[com.google.firebase:firebase-auth-ktx:23.1.0] AndroidManifest.xml:9:13-84
162            android:directBootAware="true"
162-->[com.google.firebase:firebase-common:21.0.0] AndroidManifest.xml:32:13-43
163            android:exported="false" >
163-->[com.google.firebase:firebase-auth-ktx:23.1.0] AndroidManifest.xml:10:13-37
164            <meta-data
164-->[com.google.firebase:firebase-auth-ktx:23.1.0] AndroidManifest.xml:11:13-13:85
165                android:name="com.google.firebase.components:com.google.firebase.auth.ktx.FirebaseAuthLegacyRegistrar"
165-->[com.google.firebase:firebase-auth-ktx:23.1.0] AndroidManifest.xml:12:17-119
166                android:value="com.google.firebase.components.ComponentRegistrar" />
166-->[com.google.firebase:firebase-auth-ktx:23.1.0] AndroidManifest.xml:13:17-82
167            <meta-data
167-->[com.google.firebase:firebase-auth:23.1.0] AndroidManifest.xml:69:13-71:85
168                android:name="com.google.firebase.components:com.google.firebase.auth.FirebaseAuthRegistrar"
168-->[com.google.firebase:firebase-auth:23.1.0] AndroidManifest.xml:70:17-109
169                android:value="com.google.firebase.components.ComponentRegistrar" />
169-->[com.google.firebase:firebase-auth:23.1.0] AndroidManifest.xml:71:17-82
170            <meta-data
170-->[com.google.firebase:firebase-config-ktx:22.0.1] AndroidManifest.xml:12:13-14:85
171                android:name="com.google.firebase.components:com.google.firebase.remoteconfig.ktx.FirebaseConfigLegacyRegistrar"
171-->[com.google.firebase:firebase-config-ktx:22.0.1] AndroidManifest.xml:13:17-129
172                android:value="com.google.firebase.components.ComponentRegistrar" />
172-->[com.google.firebase:firebase-config-ktx:22.0.1] AndroidManifest.xml:14:17-82
173            <meta-data
173-->[com.google.firebase:firebase-config:22.0.1] AndroidManifest.xml:29:13-31:85
174                android:name="com.google.firebase.components:com.google.firebase.remoteconfig.FirebaseRemoteConfigKtxRegistrar"
174-->[com.google.firebase:firebase-config:22.0.1] AndroidManifest.xml:30:17-128
175                android:value="com.google.firebase.components.ComponentRegistrar" />
175-->[com.google.firebase:firebase-config:22.0.1] AndroidManifest.xml:31:17-82
176            <meta-data
176-->[com.google.firebase:firebase-config:22.0.1] AndroidManifest.xml:32:13-34:85
177                android:name="com.google.firebase.components:com.google.firebase.remoteconfig.RemoteConfigRegistrar"
177-->[com.google.firebase:firebase-config:22.0.1] AndroidManifest.xml:33:17-117
178                android:value="com.google.firebase.components.ComponentRegistrar" />
178-->[com.google.firebase:firebase-config:22.0.1] AndroidManifest.xml:34:17-82
179            <meta-data
179-->[com.google.firebase:firebase-abt:21.1.1] AndroidManifest.xml:12:13-14:85
180                android:name="com.google.firebase.components:com.google.firebase.abt.component.AbtRegistrar"
180-->[com.google.firebase:firebase-abt:21.1.1] AndroidManifest.xml:13:17-109
181                android:value="com.google.firebase.components.ComponentRegistrar" />
181-->[com.google.firebase:firebase-abt:21.1.1] AndroidManifest.xml:14:17-82
182            <meta-data
182-->[com.google.firebase:firebase-crashlytics-ktx:19.2.1] AndroidManifest.xml:24:13-26:85
183                android:name="com.google.firebase.components:com.google.firebase.crashlytics.ktx.FirebaseCrashlyticsKtxRegistrar"
183-->[com.google.firebase:firebase-crashlytics-ktx:19.2.1] AndroidManifest.xml:25:17-130
184                android:value="com.google.firebase.components.ComponentRegistrar" />
184-->[com.google.firebase:firebase-crashlytics-ktx:19.2.1] AndroidManifest.xml:26:17-82
185            <meta-data
185-->[com.google.firebase:firebase-analytics-ktx:22.1.2] AndroidManifest.xml:11:13-13:85
186                android:name="com.google.firebase.components:com.google.firebase.analytics.ktx.FirebaseAnalyticsLegacyRegistrar"
186-->[com.google.firebase:firebase-analytics-ktx:22.1.2] AndroidManifest.xml:12:17-129
187                android:value="com.google.firebase.components.ComponentRegistrar" />
187-->[com.google.firebase:firebase-analytics-ktx:22.1.2] AndroidManifest.xml:13:17-82
188            <meta-data
188-->[com.google.firebase:firebase-firestore-ktx:25.1.1] AndroidManifest.xml:12:13-14:85
189                android:name="com.google.firebase.components:com.google.firebase.firestore.ktx.FirebaseFirestoreLegacyRegistrar"
189-->[com.google.firebase:firebase-firestore-ktx:25.1.1] AndroidManifest.xml:13:17-129
190                android:value="com.google.firebase.components.ComponentRegistrar" />
190-->[com.google.firebase:firebase-firestore-ktx:25.1.1] AndroidManifest.xml:14:17-82
191            <meta-data
191-->[com.google.firebase:firebase-crashlytics:19.2.1] AndroidManifest.xml:15:13-17:85
192                android:name="com.google.firebase.components:com.google.firebase.crashlytics.FirebaseCrashlyticsKtxRegistrar"
192-->[com.google.firebase:firebase-crashlytics:19.2.1] AndroidManifest.xml:16:17-126
193                android:value="com.google.firebase.components.ComponentRegistrar" />
193-->[com.google.firebase:firebase-crashlytics:19.2.1] AndroidManifest.xml:17:17-82
194            <meta-data
194-->[com.google.firebase:firebase-crashlytics:19.2.1] AndroidManifest.xml:18:13-20:85
195                android:name="com.google.firebase.components:com.google.firebase.crashlytics.CrashlyticsRegistrar"
195-->[com.google.firebase:firebase-crashlytics:19.2.1] AndroidManifest.xml:19:17-115
196                android:value="com.google.firebase.components.ComponentRegistrar" />
196-->[com.google.firebase:firebase-crashlytics:19.2.1] AndroidManifest.xml:20:17-82
197            <meta-data
197-->[com.google.firebase:firebase-sessions:2.0.6] AndroidManifest.xml:29:13-31:85
198                android:name="com.google.firebase.components:com.google.firebase.sessions.FirebaseSessionsRegistrar"
198-->[com.google.firebase:firebase-sessions:2.0.6] AndroidManifest.xml:30:17-117
199                android:value="com.google.firebase.components.ComponentRegistrar" />
199-->[com.google.firebase:firebase-sessions:2.0.6] AndroidManifest.xml:31:17-82
200            <meta-data
200-->[com.google.android.gms:play-services-measurement-api:22.1.2] AndroidManifest.xml:37:13-39:85
201                android:name="com.google.firebase.components:com.google.firebase.analytics.connector.internal.AnalyticsConnectorRegistrar"
201-->[com.google.android.gms:play-services-measurement-api:22.1.2] AndroidManifest.xml:38:17-139
202                android:value="com.google.firebase.components.ComponentRegistrar" />
202-->[com.google.android.gms:play-services-measurement-api:22.1.2] AndroidManifest.xml:39:17-82
203            <meta-data
203-->[com.google.firebase:firebase-installations:18.0.0] AndroidManifest.xml:15:13-17:85
204                android:name="com.google.firebase.components:com.google.firebase.installations.FirebaseInstallationsKtxRegistrar"
204-->[com.google.firebase:firebase-installations:18.0.0] AndroidManifest.xml:16:17-130
205                android:value="com.google.firebase.components.ComponentRegistrar" />
205-->[com.google.firebase:firebase-installations:18.0.0] AndroidManifest.xml:17:17-82
206            <meta-data
206-->[com.google.firebase:firebase-installations:18.0.0] AndroidManifest.xml:18:13-20:85
207                android:name="com.google.firebase.components:com.google.firebase.installations.FirebaseInstallationsRegistrar"
207-->[com.google.firebase:firebase-installations:18.0.0] AndroidManifest.xml:19:17-127
208                android:value="com.google.firebase.components.ComponentRegistrar" />
208-->[com.google.firebase:firebase-installations:18.0.0] AndroidManifest.xml:20:17-82
209            <meta-data
209-->[com.google.firebase:firebase-firestore:25.1.1] AndroidManifest.xml:17:13-19:85
210                android:name="com.google.firebase.components:com.google.firebase.firestore.FirebaseFirestoreKtxRegistrar"
210-->[com.google.firebase:firebase-firestore:25.1.1] AndroidManifest.xml:18:17-122
211                android:value="com.google.firebase.components.ComponentRegistrar" />
211-->[com.google.firebase:firebase-firestore:25.1.1] AndroidManifest.xml:19:17-82
212            <meta-data
212-->[com.google.firebase:firebase-firestore:25.1.1] AndroidManifest.xml:20:13-22:85
213                android:name="com.google.firebase.components:com.google.firebase.firestore.FirestoreRegistrar"
213-->[com.google.firebase:firebase-firestore:25.1.1] AndroidManifest.xml:21:17-111
214                android:value="com.google.firebase.components.ComponentRegistrar" />
214-->[com.google.firebase:firebase-firestore:25.1.1] AndroidManifest.xml:22:17-82
215            <meta-data
215-->[com.google.firebase:firebase-common-ktx:21.0.0] AndroidManifest.xml:12:13-14:85
216                android:name="com.google.firebase.components:com.google.firebase.ktx.FirebaseCommonLegacyRegistrar"
216-->[com.google.firebase:firebase-common-ktx:21.0.0] AndroidManifest.xml:13:17-116
217                android:value="com.google.firebase.components.ComponentRegistrar" />
217-->[com.google.firebase:firebase-common-ktx:21.0.0] AndroidManifest.xml:14:17-82
218            <meta-data
218-->[com.google.firebase:firebase-common:21.0.0] AndroidManifest.xml:35:13-37:85
219                android:name="com.google.firebase.components:com.google.firebase.FirebaseCommonKtxRegistrar"
219-->[com.google.firebase:firebase-common:21.0.0] AndroidManifest.xml:36:17-109
220                android:value="com.google.firebase.components.ComponentRegistrar" />
220-->[com.google.firebase:firebase-common:21.0.0] AndroidManifest.xml:37:17-82
221            <meta-data
221-->[com.google.firebase:firebase-datatransport:19.0.0] AndroidManifest.xml:25:13-27:85
222                android:name="com.google.firebase.components:com.google.firebase.datatransport.TransportRegistrar"
222-->[com.google.firebase:firebase-datatransport:19.0.0] AndroidManifest.xml:26:17-115
223                android:value="com.google.firebase.components.ComponentRegistrar" />
223-->[com.google.firebase:firebase-datatransport:19.0.0] AndroidManifest.xml:27:17-82
224        </service>
225
226        <activity
226-->[com.google.firebase:firebase-auth:23.1.0] AndroidManifest.xml:29:9-46:20
227            android:name="com.google.firebase.auth.internal.GenericIdpActivity"
227-->[com.google.firebase:firebase-auth:23.1.0] AndroidManifest.xml:30:13-80
228            android:excludeFromRecents="true"
228-->[com.google.firebase:firebase-auth:23.1.0] AndroidManifest.xml:31:13-46
229            android:exported="true"
229-->[com.google.firebase:firebase-auth:23.1.0] AndroidManifest.xml:32:13-36
230            android:launchMode="singleTask"
230-->[com.google.firebase:firebase-auth:23.1.0] AndroidManifest.xml:33:13-44
231            android:theme="@android:style/Theme.Translucent.NoTitleBar" >
231-->[com.google.firebase:firebase-auth:23.1.0] AndroidManifest.xml:34:13-72
232            <intent-filter>
232-->[com.google.firebase:firebase-auth:23.1.0] AndroidManifest.xml:35:13-45:29
233                <action android:name="android.intent.action.VIEW" />
233-->src/main/AndroidManifest.xml:33:13-64
233-->src/main/AndroidManifest.xml:33:21-62
234
235                <category android:name="android.intent.category.DEFAULT" />
235-->[com.google.firebase:firebase-auth:23.1.0] AndroidManifest.xml:38:17-76
235-->[com.google.firebase:firebase-auth:23.1.0] AndroidManifest.xml:38:27-73
236                <category android:name="android.intent.category.BROWSABLE" />
236-->[com.google.firebase:firebase-auth:23.1.0] AndroidManifest.xml:39:17-78
236-->[com.google.firebase:firebase-auth:23.1.0] AndroidManifest.xml:39:27-75
237
238                <data
238-->src/main/AndroidManifest.xml:37:13-50
239                    android:host="firebase.auth"
240                    android:path="/"
241                    android:scheme="genericidp" />
242            </intent-filter>
243        </activity>
244        <activity
244-->[com.google.firebase:firebase-auth:23.1.0] AndroidManifest.xml:47:9-64:20
245            android:name="com.google.firebase.auth.internal.RecaptchaActivity"
245-->[com.google.firebase:firebase-auth:23.1.0] AndroidManifest.xml:48:13-79
246            android:excludeFromRecents="true"
246-->[com.google.firebase:firebase-auth:23.1.0] AndroidManifest.xml:49:13-46
247            android:exported="true"
247-->[com.google.firebase:firebase-auth:23.1.0] AndroidManifest.xml:50:13-36
248            android:launchMode="singleTask"
248-->[com.google.firebase:firebase-auth:23.1.0] AndroidManifest.xml:51:13-44
249            android:theme="@android:style/Theme.Translucent.NoTitleBar" >
249-->[com.google.firebase:firebase-auth:23.1.0] AndroidManifest.xml:52:13-72
250            <intent-filter>
250-->[com.google.firebase:firebase-auth:23.1.0] AndroidManifest.xml:53:13-63:29
251                <action android:name="android.intent.action.VIEW" />
251-->src/main/AndroidManifest.xml:33:13-64
251-->src/main/AndroidManifest.xml:33:21-62
252
253                <category android:name="android.intent.category.DEFAULT" />
253-->[com.google.firebase:firebase-auth:23.1.0] AndroidManifest.xml:38:17-76
253-->[com.google.firebase:firebase-auth:23.1.0] AndroidManifest.xml:38:27-73
254                <category android:name="android.intent.category.BROWSABLE" />
254-->[com.google.firebase:firebase-auth:23.1.0] AndroidManifest.xml:39:17-78
254-->[com.google.firebase:firebase-auth:23.1.0] AndroidManifest.xml:39:27-75
255
256                <data
256-->src/main/AndroidManifest.xml:37:13-50
257                    android:host="firebase.auth"
258                    android:path="/"
259                    android:scheme="recaptcha" />
260            </intent-filter>
261        </activity>
262
263        <service
263-->[androidx.credentials:credentials-play-services-auth:1.2.0-rc01] AndroidManifest.xml:24:9-32:19
264            android:name="androidx.credentials.playservices.CredentialProviderMetadataHolder"
264-->[androidx.credentials:credentials-play-services-auth:1.2.0-rc01] AndroidManifest.xml:25:13-94
265            android:enabled="true"
265-->[androidx.credentials:credentials-play-services-auth:1.2.0-rc01] AndroidManifest.xml:26:13-35
266            android:exported="false" >
266-->[androidx.credentials:credentials-play-services-auth:1.2.0-rc01] AndroidManifest.xml:27:13-37
267            <meta-data
267-->[androidx.credentials:credentials-play-services-auth:1.2.0-rc01] AndroidManifest.xml:29:13-31:104
268                android:name="androidx.credentials.CREDENTIAL_PROVIDER_KEY"
268-->[androidx.credentials:credentials-play-services-auth:1.2.0-rc01] AndroidManifest.xml:30:17-76
269                android:value="androidx.credentials.playservices.CredentialProviderPlayServicesImpl" />
269-->[androidx.credentials:credentials-play-services-auth:1.2.0-rc01] AndroidManifest.xml:31:17-101
270        </service>
271
272        <activity
272-->[androidx.credentials:credentials-play-services-auth:1.2.0-rc01] AndroidManifest.xml:34:9-41:20
273            android:name="androidx.credentials.playservices.HiddenActivity"
273-->[androidx.credentials:credentials-play-services-auth:1.2.0-rc01] AndroidManifest.xml:35:13-76
274            android:configChanges="orientation|screenSize|screenLayout|keyboardHidden"
274-->[androidx.credentials:credentials-play-services-auth:1.2.0-rc01] AndroidManifest.xml:36:13-87
275            android:enabled="true"
275-->[androidx.credentials:credentials-play-services-auth:1.2.0-rc01] AndroidManifest.xml:37:13-35
276            android:exported="false"
276-->[androidx.credentials:credentials-play-services-auth:1.2.0-rc01] AndroidManifest.xml:38:13-37
277            android:fitsSystemWindows="true"
277-->[androidx.credentials:credentials-play-services-auth:1.2.0-rc01] AndroidManifest.xml:39:13-45
278            android:theme="@style/Theme.Hidden" >
278-->[androidx.credentials:credentials-play-services-auth:1.2.0-rc01] AndroidManifest.xml:40:13-48
279        </activity>
280        <activity
280-->[com.google.android.gms:play-services-auth:21.0.0] AndroidManifest.xml:23:9-27:75
281            android:name="com.google.android.gms.auth.api.signin.internal.SignInHubActivity"
281-->[com.google.android.gms:play-services-auth:21.0.0] AndroidManifest.xml:24:13-93
282            android:excludeFromRecents="true"
282-->[com.google.android.gms:play-services-auth:21.0.0] AndroidManifest.xml:25:13-46
283            android:exported="false"